<?xml version="1.0" encoding="utf-8"?><testsuites><testsuite name="pytest" errors="0" failures="0" skipped="0" tests="1" time="0.910" timestamp="2025-04-01T20:25:26.894620-03:00" hostname="RaulCamargo"><testcase classname="teste.tests" name="teste_soma" time="0.003" /></testsuite></testsuites>